# JRE version: Java(TM) SE Runtime Environment (17.0.6+9) (build 17.0.6+9-LTS-190)
# Java VM: Java HotSpot(TM) 64-Bit Server VM (17.0.6+9-LTS-190, mixed mode, sharing, tiered, compressed oops, compressed class ptrs, g1 gc, windows-amd64)
GC Precious Log:
 CPUs: 4 total, 4 available
 Memory: 3911M
 Large Page Support: Disabled
 NUMA Support: Disabled
 Compressed Oops: Enabled (32-bit)
 Heap Region Size: 1M
 Heap Min Capacity: 8M
 Heap Initial Capacity: 62M
 Heap Max Capacity: 978M
 Pre-touch: Disabled
 Parallel Workers: 4
 Concurrent Workers: 1
 Concurrent Refinement Workers: 4
 Periodic GC: Disabled
Heap:
 garbage-first heap   total 63488K, used 16154K [0x00000000c2e00000, 0x0000000100000000)
  region size 1024K, 8 young (8192K), 3 survivors (3072K)
 Metaspace       used 2999K, committed 3200K, reserved 1056768K
  class space    used 180K, committed 256K, reserved 1048576K
GC Heap History (13 events):
Event: 1.646 GC heap before
{Heap before GC invocations=0 (full 0):
 garbage-first heap   total 63488K, used 13312K [0x00000000c2e00000, 0x0000000100000000)
  region size 1024K, 13 young (13312K), 0 survivors (0K)
 Metaspace       used 1841K, committed 1984K, reserved 1056768K
  class space    used 148K, committed 256K, reserved 1048576K
}
Event: 1.659 GC heap after
{Heap after GC invocations=1 (full 0):
 garbage-first heap   total 63488K, used 9304K [0x00000000c2e00000, 0x0000000100000000)
  region size 1024K, 2 young (2048K), 2 survivors (2048K)
 Metaspace       used 1841K, committed 1984K, reserved 1056768K
  class space    used 148K, committed 256K, reserved 1048576K
}
Event: 2.089 GC heap before
{Heap before GC invocations=1 (full 0):
 garbage-first heap   total 63488K, used 15448K [0x00000000c2e00000, 0x0000000100000000)
  region size 1024K, 8 young (8192K), 2 survivors (2048K)
 Metaspace       used 2401K, committed 2560K, reserved 1056768K
  class space    used 179K, committed 256K, reserved 1048576K
}
Event: 2.095 GC heap after
{Heap after GC invocations=2 (full 0):
 garbage-first heap   total 63488K, used 10362K [0x00000000c2e00000, 0x0000000100000000)
  region size 1024K, 1 young (1024K), 1 survivors (1024K)
 Metaspace       used 2401K, committed 2560K, reserved 1056768K
  class space    used 179K, committed 256K, reserved 1048576K
}
Event: 3.407 GC heap before
{Heap before GC invocations=2 (full 0):
 garbage-first heap   total 63488K, used 26746K [0x00000000c2e00000, 0x0000000100000000)
  region size 1024K, 17 young (17408K), 1 survivors (1024K)
 Metaspace       used 2821K, committed 2944K, reserved 1056768K
  class space    used 179K, committed 256K, reserved 1048576K
}
Event: 3.412 GC heap after
{Heap after GC invocations=3 (full 0):
 garbage-first heap   total 63488K, used 10652K [0x00000000c2e00000, 0x0000000100000000)
  region size 1024K, 2 young (2048K), 2 survivors (2048K)
 Metaspace       used 2821K, committed 2944K, reserved 1056768K
  class space    used 179K, committed 256K, reserved 1048576K
}
Event: 5.458 GC heap before
{Heap before GC invocations=3 (full 0):
 garbage-first heap   total 63488K, used 39324K [0x00000000c2e00000, 0x0000000100000000)
  region size 1024K, 30 young (30720K), 2 survivors (2048K)
 Metaspace       used 2945K, committed 3136K, reserved 1056768K
  class space    used 180K, committed 256K, reserved 1048576K
}
Event: 5.464 GC heap after
{Heap after GC invocations=4 (full 0):
 garbage-first heap   total 63488K, used 10934K [0x00000000c2e00000, 0x0000000100000000)
  region size 1024K, 2 young (2048K), 2 survivors (2048K)
 Metaspace       used 2945K, committed 3136K, reserved 1056768K
  class space    used 180K, committed 256K, reserved 1048576K
}
Event: 6.677 GC heap before
{Heap before GC invocations=4 (full 0):
 garbage-first heap   total 63488K, used 42678K [0x00000000c2e00000, 0x0000000100000000)
  region size 1024K, 33 young (33792K), 2 survivors (2048K)
 Metaspace       used 2982K, committed 3136K, reserved 1056768K
  class space    used 180K, committed 256K, reserved 1048576K
}
Event: 6.683 GC heap after
{Heap after GC invocations=5 (full 0):
 garbage-first heap   total 63488K, used 11367K [0x00000000c2e00000, 0x0000000100000000)
  region size 1024K, 2 young (2048K), 2 survivors (2048K)
 Metaspace       used 2982K, committed 3136K, reserved 1056768K
  class space    used 180K, committed 256K, reserved 1048576K
}
Event: 7.422 GC heap before
{Heap before GC invocations=5 (full 0):
 garbage-first heap   total 63488K, used 45159K [0x00000000c2e00000, 0x0000000100000000)
  region size 1024K, 35 young (35840K), 2 survivors (2048K)
 Metaspace       used 2984K, committed 3136K, reserved 1056768K
  class space    used 180K, committed 256K, reserved 1048576K
}
Event: 7.435 GC heap after
{Heap after GC invocations=6 (full 0):
 garbage-first heap   total 63488K, used 11935K [0x00000000c2e00000, 0x0000000100000000)
  region size 1024K, 3 young (3072K), 3 survivors (3072K)
 Metaspace       used 2984K, committed 3136K, reserved 1056768K
  class space    used 180K, committed 256K, reserved 1048576K
}
Event: 8.346 GC heap before
{Heap before GC invocations=6 (full 0):
 garbage-first heap   total 63488K, used 46751K [0x00000000c2e00000, 0x0000000100000000)
  region size 1024K, 37 young (37888K), 3 survivors (3072K)
 Metaspace       used 2999K, committed 3200K, reserved 1056768K
  class space    used 180K, committed 256K, reserved 1048576K
}

