# JRE version: OpenJDK Runtime Environment Temurin-17.0.6+10 (17.0.6+10) (build 17.0.6+10)
# Java VM: OpenJDK 64-Bit Server VM Temurin-17.0.6+10 (17.0.6+10, mixed mode, tiered, compressed oops, compressed class ptrs, g1 gc, windows-amd64)
GC Precious Log:
 CPUs: 4 total, 4 available
 Memory: 3911M
 Large Page Support: Disabled
 NUMA Support: Disabled
 Compressed Oops: Enabled (32-bit)
 Heap Region Size: 1M
 Heap Min Capacity: 8M
 Heap Initial Capacity: 62M
 Heap Max Capacity: 978M
 Pre-touch: Disabled
 Parallel Workers: 4
 Concurrent Workers: 1
 Concurrent Refinement Workers: 4
 Periodic GC: Disabled
Heap:
 garbage-first heap   total 76800K, used 15980K [0x00000000c2e00000, 0x0000000100000000)
  region size 1024K, 4 young (4096K), 4 survivors (4096K)
 Metaspace       used 9817K, committed 10048K, reserved 1064960K
  class space    used 784K, committed 896K, reserved 1048576K
GC Heap History (19 events):
Event: 1.605 GC heap before
{Heap before GC invocations=0 (full 0):
 garbage-first heap   total 63488K, used 15360K [0x00000000c2e00000, 0x0000000100000000)
  region size 1024K, 13 young (13312K), 0 survivors (0K)
 Metaspace       used 8875K, committed 9024K, reserved 1056768K
  class space    used 735K, committed 832K, reserved 1048576K
}
Event: 1.623 GC heap after
{Heap after GC invocations=1 (full 0):
 garbage-first heap   total 63488K, used 11704K [0x00000000c2e00000, 0x0000000100000000)
  region size 1024K, 2 young (2048K), 2 survivors (2048K)
 Metaspace       used 8875K, committed 9024K, reserved 1056768K
  class space    used 735K, committed 832K, reserved 1048576K
}
Event: 2.084 GC heap before
{Heap before GC invocations=1 (full 0):
 garbage-first heap   total 63488K, used 20920K [0x00000000c2e00000, 0x0000000100000000)
  region size 1024K, 11 young (11264K), 2 survivors (2048K)
 Metaspace       used 9567K, committed 9728K, reserved 1064960K
  class space    used 782K, committed 896K, reserved 1048576K
}
Event: 2.091 GC heap after
{Heap after GC invocations=2 (full 0):
 garbage-first heap   total 63488K, used 12078K [0x00000000c2e00000, 0x0000000100000000)
  region size 1024K, 1 young (1024K), 1 survivors (1024K)
 Metaspace       used 9567K, committed 9728K, reserved 1064960K
  class space    used 782K, committed 896K, reserved 1048576K
}
Event: 2.515 GC heap before
{Heap before GC invocations=2 (full 0):
 garbage-first heap   total 63488K, used 27438K [0x00000000c2e00000, 0x0000000100000000)
  region size 1024K, 16 young (16384K), 1 survivors (1024K)
 Metaspace       used 9643K, committed 9792K, reserved 1064960K
  class space    used 782K, committed 896K, reserved 1048576K
}
Event: 2.519 GC heap after
{Heap after GC invocations=3 (full 0):
 garbage-first heap   total 63488K, used 12269K [0x00000000c2e00000, 0x0000000100000000)
  region size 1024K, 1 young (1024K), 1 survivors (1024K)
 Metaspace       used 9643K, committed 9792K, reserved 1064960K
  class space    used 782K, committed 896K, reserved 1048576K
}
Event: 2.982 GC heap before
{Heap before GC invocations=3 (full 0):
 garbage-first heap   total 63488K, used 39917K [0x00000000c2e00000, 0x0000000100000000)
  region size 1024K, 28 young (28672K), 1 survivors (1024K)
 Metaspace       used 9737K, committed 9984K, reserved 1064960K
  class space    used 783K, committed 896K, reserved 1048576K
}
Event: 2.987 GC heap after
{Heap after GC invocations=4 (full 0):
 garbage-first heap   total 63488K, used 12637K [0x00000000c2e00000, 0x0000000100000000)
  region size 1024K, 1 young (1024K), 1 survivors (1024K)
 Metaspace       used 9737K, committed 9984K, reserved 1064960K
  class space    used 783K, committed 896K, reserved 1048576K
}
Event: 3.438 GC heap before
{Heap before GC invocations=4 (full 0):
 garbage-first heap   total 63488K, used 43357K [0x00000000c2e00000, 0x0000000100000000)
  region size 1024K, 31 young (31744K), 1 survivors (1024K)
 Metaspace       used 9793K, committed 9984K, reserved 1064960K
  class space    used 783K, committed 896K, reserved 1048576K
}
Event: 3.445 GC heap after
{Heap after GC invocations=5 (full 0):
 garbage-first heap   total 63488K, used 13090K [0x00000000c2e00000, 0x0000000100000000)
  region size 1024K, 2 young (2048K), 2 survivors (2048K)
 Metaspace       used 9793K, committed 9984K, reserved 1064960K
  class space    used 783K, committed 896K, reserved 1048576K
}
Event: 3.804 GC heap before
{Heap before GC invocations=5 (full 0):
 garbage-first heap   total 63488K, used 44834K [0x00000000c2e00000, 0x0000000100000000)
  region size 1024K, 33 young (33792K), 2 survivors (2048K)
 Metaspace       used 9796K, committed 9984K, reserved 1064960K
  class space    used 783K, committed 896K, reserved 1048576K
}
Event: 3.812 GC heap after
{Heap after GC invocations=6 (full 0):
 garbage-first heap   total 76800K, used 13650K [0x00000000c2e00000, 0x0000000100000000)
  region size 1024K, 2 young (2048K), 2 survivors (2048K)
 Metaspace       used 9796K, committed 9984K, reserved 1064960K
  class space    used 783K, committed 896K, reserved 1048576K
}
Event: 4.206 GC heap before
{Heap before GC invocations=6 (full 0):
 garbage-first heap   total 76800K, used 57682K [0x00000000c2e00000, 0x0000000100000000)
  region size 1024K, 45 young (46080K), 2 survivors (2048K)
 Metaspace       used 9811K, committed 10048K, reserved 1064960K
  class space    used 783K, committed 896K, reserved 1048576K
}
Event: 4.214 GC heap after
{Heap after GC invocations=7 (full 0):
 garbage-first heap   total 76800K, used 14021K [0x00000000c2e00000, 0x0000000100000000)
  region size 1024K, 3 young (3072K), 3 survivors (3072K)
 Metaspace       used 9811K, committed 10048K, reserved 1064960K
  class space    used 783K, committed 896K, reserved 1048576K
}
Event: 4.645 GC heap before
{Heap before GC invocations=7 (full 0):
 garbage-first heap   total 76800K, used 57029K [0x00000000c2e00000, 0x0000000100000000)
  region size 1024K, 45 young (46080K), 3 survivors (3072K)
 Metaspace       used 9812K, committed 10048K, reserved 1064960K
  class space    used 783K, committed 896K, reserved 1048576K
}
Event: 4.656 GC heap after
{Heap after GC invocations=8 (full 0):
 garbage-first heap   total 76800K, used 14507K [0x00000000c2e00000, 0x0000000100000000)
  region size 1024K, 3 young (3072K), 3 survivors (3072K)
 Metaspace       used 9812K, committed 10048K, reserved 1064960K
  class space    used 783K, committed 896K, reserved 1048576K
}
Event: 5.138 GC heap before
{Heap before GC invocations=8 (full 0):
 garbage-first heap   total 76800K, used 57515K [0x00000000c2e00000, 0x0000000100000000)
  region size 1024K, 45 young (46080K), 3 survivors (3072K)
 Metaspace       used 9812K, committed 10048K, reserved 1064960K
  class space    used 783K, committed 896K, reserved 1048576K
}
Event: 5.150 GC heap after
{Heap after GC invocations=9 (full 0):
 garbage-first heap   total 76800K, used 14966K [0x00000000c2e00000, 0x0000000100000000)
  region size 1024K, 4 young (4096K), 4 survivors (4096K)
 Metaspace       used 9812K, committed 10048K, reserved 1064960K
  class space    used 783K, committed 896K, reserved 1048576K
}
Event: 5.653 GC heap before
{Heap before GC invocations=9 (full 0):
 garbage-first heap   total 76800K, used 56950K [0x00000000c2e00000, 0x0000000100000000)
  region size 1024K, 45 young (46080K), 4 survivors (4096K)
 Metaspace       used 9817K, committed 10048K, reserved 1064960K
  class space    used 784K, committed 896K, reserved 1048576K
}

