# JRE version: Java(TM) SE Runtime Environment (8.0_391) (build 1.8.0_391-b13)
# Java VM: Java HotSpot(TM) 64-Bit Server VM (25.391-b13 mixed mode windows-amd64 compressed oops)
Heap:
 PSYoungGen      total 278528K, used 256596K [0x00000000eba00000, 0x0000000100000000, 0x0000000100000000)
  eden space 232448K, 93% used [0x00000000eba00000,0x00000000f8f35640,0x00000000f9d00000)
  from space 46080K, 83% used [0x00000000fd300000,0x00000000ff85fb98,0x0000000100000000)
  to   space 50688K, 0% used [0x00000000f9d00000,0x00000000f9d00000,0x00000000fce80000)
 ParOldGen       total 90624K, used 43400K [0x00000000c2e00000, 0x00000000c8680000, 0x00000000eba00000)
  object space 90624K, 47% used [0x00000000c2e00000,0x00000000c58621b8,0x00000000c8680000)
 Metaspace       used 30355K, capacity 30900K, committed 31232K, reserved 1077248K
  class space    used 3135K, capacity 3292K, committed 3328K, reserved 1048576K
GC Heap History (10 events):
Event: 78.614 GC heap before
{Heap before GC invocations=24 (full 2):
 PSYoungGen      total 307712K, used 307414K [0x00000000eba00000, 0x0000000100000000, 0x0000000100000000)
  eden space 283648K, 100% used [0x00000000eba00000,0x00000000fcf00000,0x00000000fcf00000)
  from space 24064K, 98% used [0x00000000fcf00000,0x00000000fe635a28,0x00000000fe680000)
  to   space 26112K, 0% used [0x00000000fe680000,0x00000000fe680000,0x0000000100000000)
 ParOldGen       total 90624K, used 41320K [0x00000000c2e00000, 0x00000000c8680000, 0x00000000eba00000)
  object space 90624K, 45% used [0x00000000c2e00000,0x00000000c565a198,0x00000000c8680000)
 Metaspace       used 29948K, capacity 30460K, committed 30720K, reserved 1077248K
  class space    used 3112K, capacity 3264K, committed 3328K, reserved 1048576K
Event: 78.637 GC heap after
Heap after GC invocations=24 (full 2):
 PSYoungGen      total 295424K, used 25117K [0x00000000eba00000, 0x0000000100000000, 0x0000000100000000)
  eden space 269312K, 0% used [0x00000000eba00000,0x00000000eba00000,0x00000000fc100000)
  from space 26112K, 96% used [0x00000000fe680000,0x00000000fff075b0,0x0000000100000000)
  to   space 32256K, 0% used [0x00000000fc100000,0x00000000fc100000,0x00000000fe080000)
 ParOldGen       total 90624K, used 42352K [0x00000000c2e00000, 0x00000000c8680000, 0x00000000eba00000)
  object space 90624K, 46% used [0x00000000c2e00000,0x00000000c575c1a8,0x00000000c8680000)
 Metaspace       used 29948K, capacity 30460K, committed 30720K, reserved 1077248K
  class space    used 3112K, capacity 3264K, committed 3328K, reserved 1048576K
}
Event: 80.206 GC heap before
{Heap before GC invocations=25 (full 2):
 PSYoungGen      total 295424K, used 294429K [0x00000000eba00000, 0x0000000100000000, 0x0000000100000000)
  eden space 269312K, 100% used [0x00000000eba00000,0x00000000fc100000,0x00000000fc100000)
  from space 26112K, 96% used [0x00000000fe680000,0x00000000fff075b0,0x0000000100000000)
  to   space 32256K, 0% used [0x00000000fc100000,0x00000000fc100000,0x00000000fe080000)
 ParOldGen       total 90624K, used 42352K [0x00000000c2e00000, 0x00000000c8680000, 0x00000000eba00000)
  object space 90624K, 46% used [0x00000000c2e00000,0x00000000c575c1a8,0x00000000c8680000)
 Metaspace       used 30002K, capacity 30460K, committed 30720K, reserved 1077248K
  class space    used 3114K, capacity 3264K, committed 3328K, reserved 1048576K
Event: 80.225 GC heap after
Heap after GC invocations=25 (full 2):
 PSYoungGen      total 299520K, used 29875K [0x00000000eba00000, 0x0000000100000000, 0x0000000100000000)
  eden space 269312K, 0% used [0x00000000eba00000,0x00000000eba00000,0x00000000fc100000)
  from space 30208K, 98% used [0x00000000fc100000,0x00000000fde2cdc8,0x00000000fde80000)
  to   space 34304K, 0% used [0x00000000fde80000,0x00000000fde80000,0x0000000100000000)
 ParOldGen       total 90624K, used 42352K [0x00000000c2e00000, 0x00000000c8680000, 0x00000000eba00000)
  object space 90624K, 46% used [0x00000000c2e00000,0x00000000c575c1a8,0x00000000c8680000)
 Metaspace       used 30002K, capacity 30460K, committed 30720K, reserved 1077248K
  class space    used 3114K, capacity 3264K, committed 3328K, reserved 1048576K
}
Event: 84.044 GC heap before
{Heap before GC invocations=26 (full 2):
 PSYoungGen      total 299520K, used 299187K [0x00000000eba00000, 0x0000000100000000, 0x0000000100000000)
  eden space 269312K, 100% used [0x00000000eba00000,0x00000000fc100000,0x00000000fc100000)
  from space 30208K, 98% used [0x00000000fc100000,0x00000000fde2cdc8,0x00000000fde80000)
  to   space 34304K, 0% used [0x00000000fde80000,0x00000000fde80000,0x0000000100000000)
 ParOldGen       total 90624K, used 42352K [0x00000000c2e00000, 0x00000000c8680000, 0x00000000eba00000)
  object space 90624K, 46% used [0x00000000c2e00000,0x00000000c575c1a8,0x00000000c8680000)
 Metaspace       used 30158K, capacity 30684K, committed 30976K, reserved 1077248K
  class space    used 3131K, capacity 3290K, committed 3328K, reserved 1048576K
Event: 84.088 GC heap after
Heap after GC invocations=26 (full 2):
 PSYoungGen      total 285184K, used 33488K [0x00000000eba00000, 0x0000000100000000, 0x0000000100000000)
  eden space 250880K, 0% used [0x00000000eba00000,0x00000000eba00000,0x00000000faf00000)
  from space 34304K, 97% used [0x00000000fde80000,0x00000000fff343e8,0x0000000100000000)
  to   space 41472K, 0% used [0x00000000faf00000,0x00000000faf00000,0x00000000fd780000)
 ParOldGen       total 90624K, used 43384K [0x00000000c2e00000, 0x00000000c8680000, 0x00000000eba00000)
  object space 90624K, 47% used [0x00000000c2e00000,0x00000000c585e1b8,0x00000000c8680000)
 Metaspace       used 30158K, capacity 30684K, committed 30976K, reserved 1077248K
  class space    used 3131K, capacity 3290K, committed 3328K, reserved 1048576K
}
Event: 94.718 GC heap before
{Heap before GC invocations=27 (full 2):
 PSYoungGen      total 285184K, used 284368K [0x00000000eba00000, 0x0000000100000000, 0x0000000100000000)
  eden space 250880K, 100% used [0x00000000eba00000,0x00000000faf00000,0x00000000faf00000)
  from space 34304K, 97% used [0x00000000fde80000,0x00000000fff343e8,0x0000000100000000)
  to   space 41472K, 0% used [0x00000000faf00000,0x00000000faf00000,0x00000000fd780000)
 ParOldGen       total 90624K, used 43384K [0x00000000c2e00000, 0x00000000c8680000, 0x00000000eba00000)
  object space 90624K, 47% used [0x00000000c2e00000,0x00000000c585e1b8,0x00000000c8680000)
 Metaspace       used 30283K, capacity 30820K, committed 31232K, reserved 1077248K
  class space    used 3133K, capacity 3290K, committed 3328K, reserved 1048576K
Event: 94.820 GC heap after
Heap after GC invocations=27 (full 2):
 PSYoungGen      total 286720K, used 35488K [0x00000000eba00000, 0x0000000100000000, 0x0000000100000000)
  eden space 250880K, 0% used [0x00000000eba00000,0x00000000eba00000,0x00000000faf00000)
  from space 35840K, 99% used [0x00000000faf00000,0x00000000fd1a83a8,0x00000000fd200000)
  to   space 46080K, 0% used [0x00000000fd300000,0x00000000fd300000,0x0000000100000000)
 ParOldGen       total 90624K, used 43392K [0x00000000c2e00000, 0x00000000c8680000, 0x00000000eba00000)
  object space 90624K, 47% used [0x00000000c2e00000,0x00000000c58601b8,0x00000000c8680000)
 Metaspace       used 30283K, capacity 30820K, committed 31232K, reserved 1077248K
  class space    used 3133K, capacity 3290K, committed 3328K, reserved 1048576K
}
Event: 103.543 GC heap before
{Heap before GC invocations=28 (full 2):
 PSYoungGen      total 286720K, used 286368K [0x00000000eba00000, 0x0000000100000000, 0x0000000100000000)
  eden space 250880K, 100% used [0x00000000eba00000,0x00000000faf00000,0x00000000faf00000)
  from space 35840K, 99% used [0x00000000faf00000,0x00000000fd1a83a8,0x00000000fd200000)
  to   space 46080K, 0% used [0x00000000fd300000,0x00000000fd300000,0x0000000100000000)
 ParOldGen       total 90624K, used 43392K [0x00000000c2e00000, 0x00000000c8680000, 0x00000000eba00000)
  object space 90624K, 47% used [0x00000000c2e00000,0x00000000c58601b8,0x00000000c8680000)
 Metaspace       used 30333K, capacity 30828K, committed 31232K, reserved 1077248K
  class space    used 3133K, capacity 3290K, committed 3328K, reserved 1048576K
Event: 103.610 GC heap after
Heap after GC invocations=28 (full 2):
 PSYoungGen      total 278528K, used 38270K [0x00000000eba00000, 0x0000000100000000, 0x0000000100000000)
  eden space 232448K, 0% used [0x00000000eba00000,0x00000000eba00000,0x00000000f9d00000)
  from space 46080K, 83% used [0x00000000fd300000,0x00000000ff85fb98,0x0000000100000000)
  to   space 50688K, 0% used [0x00000000f9d00000,0x00000000f9d00000,0x00000000fce80000)
 ParOldGen       total 90624K, used 43400K [0x00000000c2e00000, 0x00000000c8680000, 0x00000000eba00000)
  object space 90624K, 47% used [0x00000000c2e00000,0x00000000c58621b8,0x00000000c8680000)
 Metaspace       used 30333K, capacity 30828K, committed 31232K, reserved 1077248K
  class space    used 3133K, capacity 3290K, committed 3328K, reserved 1048576K
}

